<?xml version="1.0" encoding="UTF-8"?>
<testng-results skipped="0" failed="0" ignored="0" total="2" passed="2">
  <reporter-output>
  </reporter-output>
  <suite name="Default suite" duration-ms="26303" started-at="2019-05-13T10:18:15Z" finished-at="2019-05-13T10:18:41Z">
    <groups>
    </groups>
    <test name="Default test" duration-ms="26303" started-at="2019-05-13T10:18:15Z" finished-at="2019-05-13T10:18:41Z">
      <class name="com.prakat.Milap.TestCases.LoginAndLogout">
        <test-method status="PASS" signature="setUpSuite()[pri:0, instance:com.prakat.Milap.TestCases.LoginAndLogout@239963d8]" name="setUpSuite" is-config="true" duration-ms="196" started-at="2019-05-13T10:18:15Z" finished-at="2019-05-13T10:18:15Z">
          <reporter-output>
          </reporter-output>
        </test-method> <!-- setUpSuite -->
        <test-method status="PASS" signature="beforeTest()[pri:0, instance:com.prakat.Milap.TestCases.LoginAndLogout@239963d8]" name="beforeTest" is-config="true" duration-ms="14567" started-at="2019-05-13T10:18:15Z" finished-at="2019-05-13T10:18:29Z">
          <reporter-output>
          </reporter-output>
        </test-method> <!-- beforeTest -->
        <test-method status="PASS" signature="LoginToMMT()[pri:0, instance:com.prakat.Milap.TestCases.LoginAndLogout@239963d8]" name="LoginToMMT" duration-ms="8460" started-at="2019-05-13T10:18:29Z" finished-at="2019-05-13T10:18:38Z">
          <reporter-output>
          </reporter-output>
        </test-method> <!-- LoginToMMT -->
        <test-method status="PASS" signature="getExtentReports(org.testng.ITestResult)[pri:0, instance:com.prakat.Milap.TestCases.LoginAndLogout@239963d8]" name="getExtentReports" is-config="true" duration-ms="6" started-at="2019-05-13T10:18:38Z" finished-at="2019-05-13T10:18:38Z">
          <params>
            <param index="0">
              <value>
                <![CDATA[[TestResult name=LoginToMMT status=SUCCESS method=LoginAndLogout.LoginToMMT()[pri:0, instance:com.prakat.Milap.TestCases.LoginAndLogout@239963d8] output={null}]]]>
              </value>
            </param>
          </params>
          <reporter-output>
          </reporter-output>
        </test-method> <!-- getExtentReports -->
        <test-method status="PASS" signature="logout()[pri:0, instance:com.prakat.Milap.TestCases.LoginAndLogout@239963d8]" name="logout" duration-ms="3229" started-at="2019-05-13T10:18:38Z" finished-at="2019-05-13T10:18:41Z">
          <reporter-output>
          </reporter-output>
        </test-method> <!-- logout -->
        <test-method status="PASS" signature="getExtentReports(org.testng.ITestResult)[pri:0, instance:com.prakat.Milap.TestCases.LoginAndLogout@239963d8]" name="getExtentReports" is-config="true" duration-ms="1" started-at="2019-05-13T10:18:41Z" finished-at="2019-05-13T10:18:41Z">
          <params>
            <param index="0">
              <value>
                <![CDATA[[TestResult name=logout status=SUCCESS method=LoginAndLogout.logout()[pri:0, instance:com.prakat.Milap.TestCases.LoginAndLogout@239963d8] output={null}]]]>
              </value>
            </param>
          </params>
          <reporter-output>
          </reporter-output>
        </test-method> <!-- getExtentReports -->
        <test-method status="PASS" signature="endReport()[pri:0, instance:com.prakat.Milap.TestCases.LoginAndLogout@239963d8]" name="endReport" is-config="true" duration-ms="286" started-at="2019-05-13T10:18:41Z" finished-at="2019-05-13T10:18:41Z">
          <reporter-output>
          </reporter-output>
        </test-method> <!-- endReport -->
      </class> <!-- com.prakat.Milap.TestCases.LoginAndLogout -->
    </test> <!-- Default test -->
  </suite> <!-- Default suite -->
</testng-results>
