<?xml version="1.0" encoding="UTF-8"?>
<testng-results skipped="0" failed="0" ignored="0" total="1" passed="1">
  <reporter-output>
  </reporter-output>
  <suite name="Default suite" duration-ms="1066" started-at="2019-05-27T12:05:15Z" finished-at="2019-05-27T12:05:17Z">
    <groups>
    </groups>
    <test name="Default test" duration-ms="1066" started-at="2019-05-27T12:05:15Z" finished-at="2019-05-27T12:05:17Z">
      <class name="com.prakat.Milap.TestCases.PdfReadTest">
        <test-method status="PASS" signature="test()[pri:0, instance:com.prakat.Milap.TestCases.PdfReadTest@548e7350]" name="test" duration-ms="1023" started-at="2019-05-27T12:05:15Z" finished-at="2019-05-27T12:05:17Z">
          <reporter-output>
          </reporter-output>
        </test-method> <!-- test -->
      </class> <!-- com.prakat.Milap.TestCases.PdfReadTest -->
    </test> <!-- Default test -->
  </suite> <!-- Default suite -->
</testng-results>
